[0313/113256.514:ERROR:process_info.cc(359)] UncheckedAllocate
[0313/113256.610:ERROR:process_info.cc(359)] UncheckedAllocate
[0319/160323.920:ERROR:process_info.cc(359)] UncheckedAllocate
[0319/160324.778:ERROR:process_info.cc(359)] UncheckedAllocate
[0319/161345.924:ERROR:process_info.cc(359)] UncheckedAllocate
[0325/171453.824:ERROR:process_info.cc(359)] UncheckedAllocate
[0325/172524.398:ERROR:process_info.cc(359)] UncheckedAllocate
[0325/172530.654:ERROR:filesystem_win.cc(148)] DeleteFile C:\Users\keerthin\AppData\Local\Temp\scoped_dir11716_26545\Crashpad\reports\4afc6089-9ef7-4964-ba71-e0d798ec46ad.dmp: The process cannot access the file because it is being used by another process. (0x20)
[0325/173504.074:ERROR:process_info.cc(359)] UncheckedAllocate
[0326/101008.917:ERROR:process_info.cc(359)] UncheckedAllocate
[0326/101110.737:ERROR:process_info.cc(329)] VirtualQueryEx: Access is denied. (0x5)
[0326/101110.739:ERROR:process_info.cc(550)] ReadMemoryInfo failed
[0326/101110.739:ERROR:scoped_process_suspend.cc(40)] NtResumeProcess: An attempt was made to access an exiting process. (0xc000010a)
[0326/101111.074:ERROR:process_info.cc(359)] UncheckedAllocate
[0326/101704.814:ERROR:process_info.cc(359)] UncheckedAllocate
[0326/101705.033:ERROR:process_info.cc(359)] UncheckedAllocate
[0326/101706.008:ERROR:process_info.cc(359)] UncheckedAllocate
[0326/102358.009:ERROR:process_info.cc(359)] UncheckedAllocate
[0326/105448.161:ERROR:process_info.cc(359)] UncheckedAllocate
[0326/105448.163:ERROR:process_info.cc(359)] UncheckedAllocate
[0326/105947.868:ERROR:process_info.cc(359)] UncheckedAllocate
[0326/105947.917:ERROR:process_info.cc(359)] UncheckedAllocate
[0404/152146.003:ERROR:process_info.cc(359)] UncheckedAllocate
[0404/153650.766:ERROR:process_info.cc(359)] UncheckedAllocate
[0404/153651.053:ERROR:process_info.cc(359)] UncheckedAllocate
[0404/163954.388:ERROR:process_info.cc(359)] UncheckedAllocate
[0419/102641.041:ERROR:process_info.cc(359)] UncheckedAllocate
[0419/104802.443:ERROR:process_info.cc(359)] UncheckedAllocate
[0421/141602.922:ERROR:process_info.cc(359)] UncheckedAllocate
